<?xml version="1.0" encoding="UTF-8"?>
<!-- Generated by org.testng.reporters.JUnitReportReporter -->
<testsuite hostname="Akkis-Mac.local" failures="0" tests="1" name="TestNGSessions.LoginPageTestWithBM" time="11.282" errors="0" timestamp="21 Feb 2020 12:54:04 GMT" skipped="0">
  <testcase classname="TestNGSessions.LoginPageTestWithBM" name="loginTest" time="11.282"/>
</testsuite> <!-- TestNGSessions.LoginPageTestWithBM -->
