<?xml version="1.0" encoding="UTF-8"?>
<!-- Generated by org.testng.reporters.JUnitReportReporter -->
<testsuite hostname="Akkis-Mac.local" failures="0" tests="2" name="TestNGSessions.LoginPageTestWithoutBM" time="4.763" errors="0" timestamp="21 Feb 2020 12:39:16 GMT" skipped="0">
  <testcase classname="TestNGSessions.LoginPageTestWithoutBM" name="loginPageTitleTest" time="4.570"/>
  <testcase classname="TestNGSessions.LoginPageTestWithoutBM" name="signupLinkTest" time="0.193"/>
</testsuite> <!-- TestNGSessions.LoginPageTestWithoutBM -->
