<?xml version="1.0" encoding="UTF-8"?>
<!-- Generated by org.testng.reporters.JUnitReportReporter -->
<testsuite hostname="Akkis-Mac.local" failures="0" tests="3" name="TestNGSessions.LoginTest" time="10.312" errors="0" timestamp="05 Mar 2020 13:09:04 GMT" skipped="0">
  <testcase classname="TestNGSessions.LoginTest" name="verifysignUpLinkTest" time="4.634"/>
  <testcase classname="TestNGSessions.LoginTest" name="verifyPageTitleTest" time="0.044"/>
  <testcase classname="TestNGSessions.LoginTest" name="loginTest" time="5.634"/>
</testsuite> <!-- TestNGSessions.LoginTest -->
