<?xml version="1.0" encoding="UTF-8"?>
<!-- Generated by org.testng.reporters.JUnitReportReporter -->
<testsuite hostname="Akkis-Mac.local" failures="0" tests="2" name="TestNGSessions.LoginPageTest" time="17.982" errors="0" timestamp="21 Feb 2020 12:32:33 GMT" skipped="0">
  <testcase classname="TestNGSessions.LoginPageTest" name="loginPageTitleTest" time="7.799"/>
  <testcase classname="TestNGSessions.LoginPageTest" name="signupLinkTest" time="10.183"/>
</testsuite> <!-- TestNGSessions.LoginPageTest -->
