<?xml version="1.0" encoding="UTF-8"?>
<!-- Generated by org.testng.reporters.JUnitReportReporter -->
<testsuite hostname="Akkis-Mac.local" failures="0" tests="10" name="TestNGSessions.InvocationCountConcept" time="0.081" errors="0" timestamp="21 Feb 2020 11:47:28 GMT" skipped="0">
  <testcase classname="TestNGSessions.InvocationCountConcept" name="login" time="0.002"/>
  <testcase classname="TestNGSessions.InvocationCountConcept" name="login" time="0.034"/>
  <testcase classname="TestNGSessions.InvocationCountConcept" name="login" time="0.005"/>
  <testcase classname="TestNGSessions.InvocationCountConcept" name="login" time="0.003"/>
  <testcase classname="TestNGSessions.InvocationCountConcept" name="login" time="0.004"/>
  <testcase classname="TestNGSessions.InvocationCountConcept" name="login" time="0.018"/>
  <testcase classname="TestNGSessions.InvocationCountConcept" name="login" time="0.003"/>
  <testcase classname="TestNGSessions.InvocationCountConcept" name="login" time="0.004"/>
  <testcase classname="TestNGSessions.InvocationCountConcept" name="login" time="0.006"/>
  <testcase classname="TestNGSessions.InvocationCountConcept" name="login" time="0.002"/>
</testsuite> <!-- TestNGSessions.InvocationCountConcept -->
