<?xml version="1.0" encoding="UTF-8"?>
<!-- Generated by org.testng.reporters.JUnitReportReporter -->
<testsuite hostname="Akkis-Mac.local" failures="0" tests="2" name="TestNGSessions.HomePageTest" time="0.009" errors="0" timestamp="25 May 2020 10:38:32 GMT" skipped="0">
  <testcase classname="TestNGSessions.HomePageTest" name="homePageTitleTest" time="0.007"/>
  <testcase classname="TestNGSessions.HomePageTest" name="homePageHeaderTest" time="0.002"/>
</testsuite> <!-- TestNGSessions.HomePageTest -->
