<?xml version="1.0" encoding="UTF-8"?>
<!-- Generated by org.testng.reporters.JUnitReportReporter -->
<testsuite hostname="Akkis-Mac.local" failures="0" tests="4" name="TestNGSessions.TestPriority" time="0.055" errors="0" timestamp="21 Feb 2020 11:51:13 GMT" skipped="0">
  <testcase classname="TestNGSessions.TestPriority" name="homePageLinkTest" time="0.020"/>
  <testcase classname="TestNGSessions.TestPriority" name="homePageUserTest" time="0.028"/>
  <testcase classname="TestNGSessions.TestPriority" name="homePageTitleTest" time="0.006"/>
  <testcase classname="TestNGSessions.TestPriority" name="homePageHeaderTest" time="0.001"/>
</testsuite> <!-- TestNGSessions.TestPriority -->
